number,value,datetime_start,datetime_complete,duration,params_learning_rate,params_units_l1,state
325,0.7216494845360825,2026-04-13 16:52:55.503471,2026-04-13 16:53:03.273899,0 days 00:00:07.770428,0.0015480917226614488,449,COMPLETE
326,0.7123711340206186,2026-04-13 16:53:03.303878,2026-04-13 16:53:11.497952,0 days 00:00:08.194074,0.002070041317567283,593,COMPLETE
327,0.7144329896907217,2026-04-13 16:53:11.523772,2026-04-13 16:53:20.462742,0 days 00:00:08.938970,0.0028460455853887823,692,COMPLETE
328,0.7185567010309278,2026-04-13 16:53:20.487957,2026-04-13 16:53:28.697357,0 days 00:00:08.209400,0.0037379500378405227,573,COMPLETE
329,0.7175257731958763,2026-04-13 16:53:28.724734,2026-04-13 16:53:36.862673,0 days 00:00:08.137939,0.0013506856785849904,288,COMPLETE
330,0.722680412371134,2026-04-13 16:53:36.893440,2026-04-13 16:53:45.674675,0 days 00:00:08.781235,0.004952854537741924,522,COMPLETE
331,0.7123711340206186,2026-04-13 16:53:45.702443,2026-04-13 16:53:52.809927,0 days 00:00:07.107484,0.0008866094499808504,460,COMPLETE
332,0.7144329896907217,2026-04-13 16:53:52.836099,2026-04-13 16:54:01.192081,0 days 00:00:08.355982,0.001970971031897609,482,COMPLETE
333,0.7123711340206186,2026-04-13 16:54:01.218855,2026-04-13 16:54:09.171231,0 days 00:00:07.952376,0.0010938612577711432,398,COMPLETE
334,0.7175257731958763,2026-04-13 16:54:09.204655,2026-04-13 16:54:17.185724,0 days 00:00:07.981069,0.0016619082773897508,509,COMPLETE
335,0.7154639175257732,2026-04-13 16:54:17.213506,2026-04-13 16:54:25.890042,0 days 00:00:08.676536,0.003271942726322931,537,COMPLETE
336,0.7247422680412371,2026-04-13 16:54:25.915002,2026-04-13 16:54:33.436059,0 days 00:00:07.521057,0.0023981875414090924,422,COMPLETE
337,0.7237113402061855,2026-04-13 16:54:33.460989,2026-04-13 16:54:41.877904,0 days 00:00:08.416915,0.0027023498506198607,432,COMPLETE
338,0.7247422680412371,2026-04-13 16:54:41.902494,2026-04-13 16:54:50.129837,0 days 00:00:08.227343,0.002405284858481406,418,COMPLETE
339,0.7164948453608248,2026-04-13 16:54:50.156265,2026-04-13 16:54:57.245627,0 days 00:00:07.089362,0.0035086280218138725,389,COMPLETE
340,0.7216494845360825,2026-04-13 16:54:57.271065,2026-04-13 16:55:05.927844,0 days 00:00:08.656779,0.0023460652791897126,423,COMPLETE
341,0.7164948453608248,2026-04-13 16:55:05.956086,2026-04-13 16:55:13.571609,0 days 00:00:07.615523,0.002885256634443023,414,COMPLETE
342,0.7216494845360825,2026-04-13 16:55:13.597584,2026-04-13 16:55:21.709522,0 days 00:00:08.111938,0.00434029441994604,491,COMPLETE
343,0.7206185567010309,2026-04-13 16:55:21.735536,2026-04-13 16:55:30.091021,0 days 00:00:08.355485,0.002463120182968891,455,COMPLETE
344,0.7185567010309278,2026-04-13 16:55:30.115072,2026-04-13 16:55:37.337797,0 days 00:00:07.222725,0.0037425242548145697,446,COMPLETE
345,0.711340206185567,2026-04-13 16:55:37.363969,2026-04-13 16:55:45.555121,0 days 00:00:08.191152,0.0032215586331866054,472,COMPLETE
346,0.7237113402061855,2026-04-13 16:55:45.580960,2026-04-13 16:55:53.135192,0 days 00:00:07.554232,0.0006051335593641139,491,COMPLETE
347,0.7206185567010309,2026-04-13 16:55:53.164223,2026-04-13 16:56:01.132360,0 days 00:00:07.968137,0.0023436644618278447,505,COMPLETE
348,0.7164948453608248,2026-04-13 16:56:01.157596,2026-04-13 16:56:09.865366,0 days 00:00:08.707770,0.004409667256783467,631,COMPLETE
349,0.7144329896907217,2026-04-13 16:56:09.897414,2026-04-13 16:56:16.975284,0 days 00:00:07.077870,0.00011622108258056286,471,COMPLETE
350,0.7175257731958763,2026-04-13 16:56:16.999615,2026-04-13 16:56:24.995550,0 days 00:00:07.995935,0.0053497312346340005,426,COMPLETE
351,0.7185567010309278,2026-04-13 16:56:25.021196,2026-04-13 16:56:32.989433,0 days 00:00:07.968237,6.951857241970016e-06,515,COMPLETE
352,0.7082474226804124,2026-04-13 16:56:33.023081,2026-04-13 16:56:40.482109,0 days 00:00:07.459028,0.002797403388928364,319,COMPLETE
353,0.7175257731958763,2026-04-13 16:56:40.505986,2026-04-13 16:56:48.767809,0 days 00:00:08.261823,0.002075605401138835,483,COMPLETE
354,0.7206185567010309,2026-04-13 16:56:48.791801,2026-04-13 16:56:56.427280,0 days 00:00:07.635479,0.0007327608393536507,673,COMPLETE
355,0.7185567010309278,2026-04-13 16:56:56.454174,2026-04-13 16:57:05.367736,0 days 00:00:08.913562,0.0029392128269037513,707,COMPLETE
356,0.7164948453608248,2026-04-13 16:57:05.393861,2026-04-13 16:57:13.708910,0 days 00:00:08.315049,0.00099560190562655,407,COMPLETE
357,0.7144329896907217,2026-04-13 16:57:13.735512,2026-04-13 16:57:20.802830,0 days 00:00:07.067318,0.005945648925921784,341,COMPLETE
358,0.7144329896907217,2026-04-13 16:57:20.827167,2026-04-13 16:57:29.132611,0 days 00:00:08.305444,0.00040488169687593023,440,COMPLETE
359,0.7134020618556701,2026-04-13 16:57:29.158632,2026-04-13 16:57:36.379005,0 days 00:00:07.220373,0.0013107999450252873,461,COMPLETE
360,0.7072164948453609,2026-04-13 16:57:36.403969,2026-04-13 16:57:44.480300,0 days 00:00:08.076331,0.0022122549402684944,374,COMPLETE
361,0.7123711340206186,2026-04-13 16:57:44.506622,2026-04-13 16:57:52.450848,0 days 00:00:07.944226,0.003959355656510283,480,COMPLETE
362,0.7216494845360825,2026-04-13 16:57:52.482033,2026-04-13 16:57:59.882720,0 days 00:00:07.400687,0.0020449166333869244,525,COMPLETE
363,0.7164948453608248,2026-04-13 16:57:59.908001,2026-04-13 16:58:08.843973,0 days 00:00:08.935972,0.003318810843144867,551,COMPLETE
364,0.722680412371134,2026-04-13 16:58:08.870619,2026-04-13 16:58:15.766559,0 days 00:00:06.895940,0.002642684076440344,298,COMPLETE
365,0.7164948453608248,2026-04-13 16:58:15.797025,2026-04-13 16:58:24.605335,0 days 00:00:08.808310,0.0015539919787885465,661,COMPLETE
366,0.7206185567010309,2026-04-13 16:58:24.629557,2026-04-13 16:58:33.069573,0 days 00:00:08.440016,1.8805828698681658e-05,499,COMPLETE
367,0.7247422680412371,2026-04-13 16:58:33.095844,2026-04-13 16:58:40.469407,0 days 00:00:07.373563,0.008549055371917457,534,COMPLETE
368,0.7216494845360825,2026-04-13 16:58:40.493552,2026-04-13 16:58:48.855458,0 days 00:00:08.361906,0.006732178070058548,534,COMPLETE
369,0.7164948453608248,2026-04-13 16:58:48.881203,2026-04-13 16:58:56.871886,0 days 00:00:07.990683,0.009025974480703471,529,COMPLETE
370,0.7154639175257732,2026-04-13 16:58:56.897821,2026-04-13 16:59:04.616816,0 days 00:00:07.718995,0.006638451756370833,546,COMPLETE
371,0.7237113402061855,2026-04-13 16:59:04.642365,2026-04-13 16:59:13.242049,0 days 00:00:08.599684,0.009574586232195335,507,COMPLETE
372,0.7164948453608248,2026-04-13 16:59:13.268929,2026-04-13 16:59:20.832706,0 days 00:00:07.563777,0.00879715736125638,582,COMPLETE
373,0.7206185567010309,2026-04-13 16:59:20.860090,2026-04-13 16:59:29.534526,0 days 00:00:08.674436,0.008063294535095092,551,COMPLETE
374,0.7216494845360825,2026-04-13 16:59:29.561097,2026-04-13 16:59:38.338622,0 days 00:00:08.777525,0.000810688866293403,517,COMPLETE
375,0.7164948453608248,2026-04-13 16:59:38.364754,2026-04-13 16:59:45.767121,0 days 00:00:07.402367,0.005241707155190148,562,COMPLETE
376,0.6917525773195876,2026-04-13 16:59:45.793069,2026-04-13 16:59:53.691675,0 days 00:00:07.898606,2.072502822053448e-06,266,COMPLETE
377,0.7154639175257732,2026-04-13 16:59:53.720593,2026-04-13 17:00:01.111513,0 days 00:00:07.390920,0.007240526402918207,349,COMPLETE
378,0.711340206185567,2026-04-13 17:00:01.140318,2026-04-13 17:00:10.313073,0 days 00:00:09.172755,0.001172702310900979,539,COMPLETE
379,0.711340206185567,2026-04-13 17:00:10.346642,2026-04-13 17:00:19.232764,0 days 00:00:08.886122,0.0046661712705419415,465,COMPLETE
380,0.7216494845360825,2026-04-13 17:00:19.258723,2026-04-13 17:00:26.502380,0 days 00:00:07.243657,0.006036121177634465,382,COMPLETE
381,0.7134020618556701,2026-04-13 17:00:26.528335,2026-04-13 17:00:35.172426,0 days 00:00:08.644091,0.003677352566752084,491,COMPLETE
382,0.7216494845360825,2026-04-13 17:00:35.198411,2026-04-13 17:00:43.614378,0 days 00:00:08.415967,0.0013416689991300847,329,COMPLETE
383,0.7216494845360825,2026-04-13 17:00:43.661859,2026-04-13 17:00:51.102286,0 days 00:00:07.440427,0.0010503911727775938,576,COMPLETE
384,0.7247422680412371,2026-04-13 17:00:51.132218,2026-04-13 17:00:59.614130,0 days 00:00:08.481912,0.003241675899708835,523,COMPLETE
385,0.7237113402061855,2026-04-13 17:00:59.640649,2026-04-13 17:01:08.048461,0 days 00:00:08.407812,0.003115945318691746,524,COMPLETE
386,0.7123711340206186,2026-04-13 17:01:08.077617,2026-04-13 17:01:15.963481,0 days 00:00:07.885864,0.004085113607344388,519,COMPLETE
387,0.7175257731958763,2026-04-13 17:01:15.987511,2026-04-13 17:01:24.621419,0 days 00:00:08.633908,0.0027697295407988626,505,COMPLETE
388,0.7154639175257732,2026-04-13 17:01:24.646211,2026-04-13 17:01:32.454755,0 days 00:00:07.808544,0.003443590695970397,534,COMPLETE
389,0.7175257731958763,2026-04-13 17:01:32.488076,2026-04-13 17:01:40.870619,0 days 00:00:08.382543,0.0024191933886474047,448,COMPLETE
390,0.7154639175257732,2026-04-13 17:01:40.895215,2026-04-13 17:01:49.458705,0 days 00:00:08.563490,0.0018975860653735325,510,COMPLETE
391,0.7175257731958763,2026-04-13 17:01:49.485064,2026-04-13 17:01:57.088967,0 days 00:00:07.603903,0.004351542503657446,485,COMPLETE
392,0.7175257731958763,2026-04-13 17:01:57.114891,2026-04-13 17:02:05.990672,0 days 00:00:08.875781,0.001568876356942053,492,COMPLETE
393,0.7206185567010309,2026-04-13 17:02:06.016298,2026-04-13 17:02:15.521019,0 days 00:00:09.504721,0.002985121614689603,467,COMPLETE
394,0.7134020618556701,2026-04-13 17:02:15.553268,2026-04-13 17:02:22.646582,0 days 00:00:07.093314,0.002479559093932415,281,COMPLETE
395,0.7154639175257732,2026-04-13 17:02:22.676027,2026-04-13 17:02:31.592795,0 days 00:00:08.916768,0.0036332440405886044,534,COMPLETE
396,0.7195876288659794,2026-04-13 17:02:31.621519,2026-04-13 17:02:39.010555,0 days 00:00:07.389036,0.0020685260546720076,46,COMPLETE
397,0.7144329896907217,2026-04-13 17:02:39.041924,2026-04-13 17:02:46.791058,0 days 00:00:07.749134,0.0012499927694352249,361,COMPLETE
398,0.7123711340206186,2026-04-13 17:02:46.817043,2026-04-13 17:02:55.318498,0 days 00:00:08.501455,0.0008930449484718893,502,COMPLETE
399,0.7061855670103093,2026-04-13 17:02:55.345214,2026-04-13 17:03:02.678097,0 days 00:00:07.332883,0.0017884768521250676,550,COMPLETE
400,0.7154639175257732,2026-04-13 17:03:02.703284,2026-04-13 17:03:11.177475,0 days 00:00:08.474191,0.0029213027199619587,414,COMPLETE
401,0.7216494845360825,2026-04-13 17:03:11.205430,2026-04-13 17:03:19.234719,0 days 00:00:08.029289,0.004671247135737473,307,COMPLETE
402,0.7206185567010309,2026-04-13 17:03:19.260963,2026-04-13 17:03:26.969472,0 days 00:00:07.708509,0.0014671376133239733,515,COMPLETE
403,0.7144329896907217,2026-04-13 17:03:26.995513,2026-04-13 17:03:35.386787,0 days 00:00:08.391274,0.000973210850160315,477,COMPLETE
404,0.7216494845360825,2026-04-13 17:03:35.412367,2026-04-13 17:03:42.548827,0 days 00:00:07.136460,0.00017904981611380745,450,COMPLETE
405,0.7164948453608248,2026-04-13 17:03:42.573413,2026-04-13 17:03:51.281013,0 days 00:00:08.707600,0.002508720759227285,557,COMPLETE
406,0.7134020618556701,2026-04-13 17:03:51.305953,2026-04-13 17:03:59.645957,0 days 00:00:08.340004,0.003459053195943468,398,COMPLETE
407,0.7247422680412371,2026-04-13 17:03:59.671725,2026-04-13 17:04:07.087922,0 days 00:00:07.416197,0.0006918486444466685,429,COMPLETE
408,0.7216494845360825,2026-04-13 17:04:07.115684,2026-04-13 17:04:15.715078,0 days 00:00:08.599394,0.00046792946524045994,437,COMPLETE
409,0.7195876288659794,2026-04-13 17:04:15.743341,2026-04-13 17:04:23.236283,0 days 00:00:07.492942,0.0009464054228072493,400,COMPLETE
410,0.7257731958762886,2026-04-13 17:04:23.264051,2026-04-13 17:04:31.348478,0 days 00:00:08.084427,0.0006381001147304961,533,COMPLETE
411,0.7206185567010309,2026-04-13 17:04:31.372956,2026-04-13 17:04:39.899655,0 days 00:00:08.526699,0.0006532992903120883,538,COMPLETE
412,0.7072164948453609,2026-04-13 17:04:39.924213,2026-04-13 17:04:47.486524,0 days 00:00:07.562311,0.0006696553927729283,526,COMPLETE
413,0.7154639175257732,2026-04-13 17:04:47.514234,2026-04-13 17:04:55.939877,0 days 00:00:08.425643,0.0007270765785941139,414,COMPLETE
414,0.7175257731958763,2026-04-13 17:04:55.964864,2026-04-13 17:05:04.285990,0 days 00:00:08.321126,0.0009402372312681791,427,COMPLETE
415,0.7164948453608248,2026-04-13 17:05:04.313053,2026-04-13 17:05:12.343142,0 days 00:00:08.030089,0.0005781742578337458,544,COMPLETE
416,0.7134020618556701,2026-04-13 17:05:12.371515,2026-04-13 17:05:21.720387,0 days 00:00:09.348872,0.0004967181606579107,560,COMPLETE
417,0.7206185567010309,2026-04-13 17:05:21.748675,2026-04-13 17:05:30.395722,0 days 00:00:08.647047,0.0005335083947746187,529,COMPLETE
418,0.7237113402061855,2026-04-13 17:05:30.427282,2026-04-13 17:05:38.255614,0 days 00:00:07.828332,0.0007617877907390962,542,COMPLETE
419,0.7257731958762886,2026-04-13 17:05:38.287279,2026-04-13 17:05:46.420127,0 days 00:00:08.132848,0.0006293412552255993,338,COMPLETE
420,0.7175257731958763,2026-04-13 17:05:46.446094,2026-04-13 17:05:54.259374,0 days 00:00:07.813280,0.0006061735497130016,518,COMPLETE
421,0.7175257731958763,2026-04-13 17:05:54.297298,2026-04-13 17:06:02.440313,0 days 00:00:08.143015,0.0007566399610582631,328,COMPLETE
422,0.7216494845360825,2026-04-13 17:06:02.468957,2026-04-13 17:06:10.628938,0 days 00:00:08.159981,0.00046729848313518377,252,COMPLETE
423,0.7103092783505155,2026-04-13 17:06:10.656470,2026-04-13 17:06:19.011739,0 days 00:00:08.355269,0.0006247377670389947,715,COMPLETE
424,0.722680412371134,2026-04-13 17:06:19.039932,2026-04-13 17:06:27.906412,0 days 00:00:08.866480,0.0003395721513802464,608,COMPLETE
425,0.7164948453608248,2026-04-13 17:06:27.932705,2026-04-13 17:06:35.907368,0 days 00:00:07.974663,0.0007751622948360012,67,COMPLETE
426,0.7154639175257732,2026-04-13 17:06:35.935483,2026-04-13 17:06:43.685816,0 days 00:00:07.750333,0.0003798758339134473,562,COMPLETE
427,0.711340206185567,2026-04-13 17:06:43.711910,2026-04-13 17:06:52.191288,0 days 00:00:08.479378,0.0006382595714303828,380,COMPLETE
428,0.7195876288659794,2026-04-13 17:06:52.218079,2026-04-13 17:06:59.536471,0 days 00:00:07.318392,0.0007514138349899889,351,COMPLETE
429,0.7206185567010309,2026-04-13 17:06:59.573388,2026-04-13 17:07:08.472755,0 days 00:00:08.899367,0.0005778473281540531,529,COMPLETE
430,0.7216494845360825,2026-04-13 17:07:08.499170,2026-04-13 17:07:17.628729,0 days 00:00:09.129559,0.009844183604997855,696,COMPLETE
431,0.7123711340206186,2026-04-13 17:07:17.655360,2026-04-13 17:07:24.937509,0 days 00:00:07.282149,0.0008745590478534361,428,COMPLETE
432,0.7195876288659794,2026-04-13 17:07:24.964087,2026-04-13 17:07:33.485054,0 days 00:00:08.520967,0.0005145485297966205,299,COMPLETE
433,0.7195876288659794,2026-04-13 17:07:33.512554,2026-04-13 17:07:42.789652,0 days 00:00:09.277098,0.0011347825783631562,591,COMPLETE
434,0.722680412371134,2026-04-13 17:07:42.814981,2026-04-13 17:07:50.565561,0 days 00:00:07.750580,0.00022715866118715137,546,COMPLETE
435,0.7206185567010309,2026-04-13 17:07:50.593213,2026-04-13 17:07:59.707020,0 days 00:00:09.113807,0.0009023819367993495,570,COMPLETE
436,0.7185567010309278,2026-04-13 17:07:59.732989,2026-04-13 17:08:08.916559,0 days 00:00:09.183570,0.005120664779227847,509,COMPLETE
437,0.7206185567010309,2026-04-13 17:08:08.942506,2026-04-13 17:08:16.854011,0 days 00:00:07.911505,0.0011456842458500457,556,COMPLETE
438,0.7164948453608248,2026-04-13 17:08:16.886361,2026-04-13 17:08:25.140239,0 days 00:00:08.253878,0.0004092431192330666,314,COMPLETE
439,0.7206185567010309,2026-04-13 17:08:25.166555,2026-04-13 17:08:33.109246,0 days 00:00:07.942691,0.00604601304969024,284,COMPLETE
440,0.7144329896907217,2026-04-13 17:08:33.147780,2026-04-13 17:08:40.951549,0 days 00:00:07.803769,0.004200611393019504,392,COMPLETE
441,0.722680412371134,2026-04-13 17:08:40.977471,2026-04-13 17:08:49.746576,0 days 00:00:08.769105,0.0006660214978670793,504,COMPLETE
442,0.7206185567010309,2026-04-13 17:08:49.771259,2026-04-13 17:08:57.702232,0 days 00:00:07.930973,0.0007968980284730941,519,COMPLETE
443,0.7185567010309278,2026-04-13 17:08:57.735446,2026-04-13 17:09:06.731876,0 days 00:00:08.996430,0.0037551832149316853,540,COMPLETE
444,0.7185567010309278,2026-04-13 17:09:06.759387,2026-04-13 17:09:15.436485,0 days 00:00:08.677098,0.0010809252781084834,338,COMPLETE
445,0.7195876288659794,2026-04-13 17:09:15.465392,2026-04-13 17:09:23.127564,0 days 00:00:07.662172,0.00815437774233842,437,COMPLETE
446,0.7195876288659794,2026-04-13 17:09:23.153134,2026-04-13 17:09:31.101498,0 days 00:00:07.948364,0.0005638830300696612,36,COMPLETE
447,0.7206185567010309,2026-04-13 17:09:31.130746,2026-04-13 17:09:40.141715,0 days 00:00:09.010969,0.005456690337487859,366,COMPLETE
448,0.7164948453608248,2026-04-13 17:09:40.170369,2026-04-13 17:09:47.913199,0 days 00:00:07.742830,0.0020855359940755522,418,COMPLETE
449,0.7164948453608248,2026-04-13 17:09:47.939382,2026-04-13 17:09:56.860522,0 days 00:00:08.921140,0.0032550660358588164,582,COMPLETE
450,0.7185567010309278,2026-04-13 17:09:56.886511,2026-04-13 17:10:05.674992,0 days 00:00:08.788481,0.002624395701444211,494,COMPLETE
451,0.7216494845360825,2026-04-13 17:10:05.702195,2026-04-13 17:10:13.892815,0 days 00:00:08.190620,0.0013644174689983327,554,COMPLETE
452,0.7195876288659794,2026-04-13 17:10:13.922962,2026-04-13 17:10:23.198474,0 days 00:00:09.275512,0.0018446606238757444,525,COMPLETE
453,0.7154639175257732,2026-04-13 17:10:23.225452,2026-04-13 17:10:32.030768,0 days 00:00:08.805316,0.00480495539399714,532,COMPLETE
454,0.7123711340206186,2026-04-13 17:10:32.056273,2026-04-13 17:10:39.834639,0 days 00:00:07.778366,0.0010343175276906762,567,COMPLETE
455,0.7216494845360825,2026-04-13 17:10:39.862374,2026-04-13 17:10:48.358146,0 days 00:00:08.495772,0.007108759368991611,321,COMPLETE
456,0.7164948453608248,2026-04-13 17:10:48.385350,2026-04-13 17:10:56.425754,0 days 00:00:08.040404,0.0008444925172375288,454,COMPLETE
457,0.7144329896907217,2026-04-13 17:10:56.452477,2026-04-13 17:11:05.062498,0 days 00:00:08.610021,0.003069878372568645,509,COMPLETE
458,0.7185567010309278,2026-04-13 17:11:05.087234,2026-04-13 17:11:14.102363,0 days 00:00:09.015129,0.002317891917414451,549,COMPLETE
459,0.7195876288659794,2026-04-13 17:11:14.132129,2026-04-13 17:11:21.485850,0 days 00:00:07.353721,0.004112492515758675,228,COMPLETE
460,0.7216494845360825,2026-04-13 17:11:21.516038,2026-04-13 17:11:30.066441,0 days 00:00:08.550403,1.267602473936268e-05,407,COMPLETE
461,0.7134020618556701,2026-04-13 17:11:30.094091,2026-04-13 17:11:39.063311,0 days 00:00:08.969220,0.0004710294201810666,483,COMPLETE
462,0.7123711340206186,2026-04-13 17:11:39.088129,2026-04-13 17:11:47.134738,0 days 00:00:08.046609,0.001768704913155814,520,COMPLETE
463,0.7175257731958763,2026-04-13 17:11:47.178356,2026-04-13 17:11:55.467339,0 days 00:00:08.288983,0.0013746607212790677,14,COMPLETE
464,0.7154639175257732,2026-04-13 17:11:55.494705,2026-04-13 17:12:05.652182,0 days 00:00:10.157477,2.5181011268792304e-05,685,COMPLETE
465,0.7195876288659794,2026-04-13 17:12:05.682412,2026-04-13 17:12:14.371128,0 days 00:00:08.688716,0.002750412567964786,724,COMPLETE
466,0.7164948453608248,2026-04-13 17:12:14.397972,2026-04-13 17:12:22.098631,0 days 00:00:07.700659,0.0037052963423238154,272,COMPLETE
467,0.7185567010309278,2026-04-13 17:12:22.128366,2026-04-13 17:12:29.781796,0 days 00:00:07.653430,0.002274528558631322,78,COMPLETE
468,0.7134020618556701,2026-04-13 17:12:29.806488,2026-04-13 17:12:37.314464,0 days 00:00:07.507976,0.0012291192861037528,499,COMPLETE
469,0.7175257731958763,2026-04-13 17:12:37.339092,2026-04-13 17:12:46.284404,0 days 00:00:08.945312,0.0007264143306781548,541,COMPLETE
470,0.7206185567010309,2026-04-13 17:12:46.316921,2026-04-13 17:12:55.279608,0 days 00:00:08.962687,5.680498072212369e-05,572,COMPLETE
471,0.7195876288659794,2026-04-13 17:12:55.310272,2026-04-13 17:13:02.572720,0 days 00:00:07.262448,0.0015276296196085125,53,COMPLETE
472,0.7206185567010309,2026-04-13 17:13:02.601270,2026-04-13 17:13:12.017707,0 days 00:00:09.416437,0.006320849884528193,463,COMPLETE
473,0.7195876288659794,2026-04-13 17:13:12.045635,2026-04-13 17:13:20.053295,0 days 00:00:08.007660,0.008774083212948258,342,COMPLETE
474,0.7175257731958763,2026-04-13 17:13:20.084681,2026-04-13 17:13:28.622838,0 days 00:00:08.538157,0.0030735164354605735,437,COMPLETE
475,0.7216494845360825,2026-04-13 17:13:28.650375,2026-04-13 17:13:38.092866,0 days 00:00:09.442491,0.0005653480853728039,591,COMPLETE
476,0.7216494845360825,2026-04-13 17:13:38.123429,2026-04-13 17:13:46.190050,0 days 00:00:08.066621,0.005263220993547718,359,COMPLETE
477,0.7237113402061855,2026-04-13 17:13:46.238035,2026-04-13 17:13:54.759312,0 days 00:00:08.521277,0.0009562902284263389,530,COMPLETE
478,0.7144329896907217,2026-04-13 17:13:54.785506,2026-04-13 17:14:03.772528,0 days 00:00:08.987022,0.002568649737537818,475,COMPLETE
479,0.7164948453608248,2026-04-13 17:14:03.799359,2026-04-13 17:14:12.628569,0 days 00:00:08.829210,0.0020010604278441076,702,COMPLETE
480,0.7195876288659794,2026-04-13 17:14:12.664527,2026-04-13 17:14:21.151490,0 days 00:00:08.486963,0.004376896600146042,511,COMPLETE
481,0.7195876288659794,2026-04-13 17:14:21.179822,2026-04-13 17:14:30.128717,0 days 00:00:08.948895,0.00014151857850721127,558,COMPLETE
482,0.7175257731958763,2026-04-13 17:14:30.155451,2026-04-13 17:14:37.160416,0 days 00:00:07.004965,0.009728423211783556,245,COMPLETE
483,0.7134020618556701,2026-04-13 17:14:37.188947,2026-04-13 17:14:46.111950,0 days 00:00:08.923003,0.0016118275155900987,627,COMPLETE
484,0.7185567010309278,2026-04-13 17:14:46.139858,2026-04-13 17:14:54.092104,0 days 00:00:07.952246,0.003661009034759936,153,COMPLETE
485,0.7164948453608248,2026-04-13 17:14:54.116287,2026-04-13 17:15:01.551205,0 days 00:00:07.434918,0.007284283888778721,421,COMPLETE
486,0.7185567010309278,2026-04-13 17:15:01.578827,2026-04-13 17:15:10.660651,0 days 00:00:09.081824,0.0011044789949183483,489,COMPLETE
