number,value,datetime_start,datetime_complete,duration,params_learning_rate,params_units_l1,state
649,0.7154639175257732,2026-04-13 17:34:58.539181,2026-04-13 17:35:05.868599,0 days 00:00:07.329418,0.0005798263361702409,713,COMPLETE
650,0.7175257731958763,2026-04-13 17:35:05.894904,2026-04-13 17:35:13.453538,0 days 00:00:07.558634,0.0014975073807111054,262,COMPLETE
651,0.7216494845360825,2026-04-13 17:35:13.479523,2026-04-13 17:35:19.911345,0 days 00:00:06.431822,0.003762266910877007,221,COMPLETE
652,0.7329896907216494,2026-04-13 17:35:19.939429,2026-04-13 17:35:28.211398,0 days 00:00:08.271969,0.0012844273949249093,654,COMPLETE
653,0.7268041237113402,2026-04-13 17:35:28.242320,2026-04-13 17:35:35.894704,0 days 00:00:07.652384,0.001279366287499864,663,COMPLETE
654,0.7195876288659794,2026-04-13 17:35:35.918943,2026-04-13 17:35:43.604077,0 days 00:00:07.685134,0.0012493313016793224,675,COMPLETE
655,0.7268041237113402,2026-04-13 17:35:43.630772,2026-04-13 17:35:51.970351,0 days 00:00:08.339579,0.001033700744423264,682,COMPLETE
656,0.7206185567010309,2026-04-13 17:35:51.996866,2026-04-13 17:35:59.041096,0 days 00:00:07.044230,0.0010491288170586305,658,COMPLETE
657,0.7185567010309278,2026-04-13 17:35:59.068247,2026-04-13 17:36:07.545629,0 days 00:00:08.477382,0.000984246345037641,655,COMPLETE
658,0.709278350515464,2026-04-13 17:36:07.572223,2026-04-13 17:36:15.599995,0 days 00:00:08.027772,0.001231845102983391,678,COMPLETE
659,0.7175257731958763,2026-04-13 17:36:15.633025,2026-04-13 17:36:23.279006,0 days 00:00:07.645981,0.0007574318628334676,644,COMPLETE
660,0.7195876288659794,2026-04-13 17:36:23.304748,2026-04-13 17:36:31.618793,0 days 00:00:08.314045,0.0009047693972834541,687,COMPLETE
661,0.7216494845360825,2026-04-13 17:36:31.644569,2026-04-13 17:36:38.831287,0 days 00:00:07.186718,0.00132711406873233,686,COMPLETE
662,0.7144329896907217,2026-04-13 17:36:38.855499,2026-04-13 17:36:46.946862,0 days 00:00:08.091363,0.0010830751402888768,656,COMPLETE
663,0.7195876288659794,2026-04-13 17:36:46.974713,2026-04-13 17:36:54.568990,0 days 00:00:07.594277,0.0008343097570677419,666,COMPLETE
664,0.7164948453608248,2026-04-13 17:36:54.599126,2026-04-13 17:37:02.143843,0 days 00:00:07.544717,0.0014544980671032173,673,COMPLETE
665,0.7144329896907217,2026-04-13 17:37:02.171339,2026-04-13 17:37:10.319411,0 days 00:00:08.148072,0.0011505142263823491,673,COMPLETE
666,0.7247422680412371,2026-04-13 17:37:10.345406,2026-04-13 17:37:17.509039,0 days 00:00:07.163633,0.0006685237747666217,703,COMPLETE
667,0.7072164948453609,2026-04-13 17:37:17.535682,2026-04-13 17:37:25.753312,0 days 00:00:08.217630,0.0009971918154778043,680,COMPLETE
668,0.7195876288659794,2026-04-13 17:37:25.781760,2026-04-13 17:37:33.181570,0 days 00:00:07.399810,0.0013416044528338773,644,COMPLETE
669,0.7195876288659794,2026-04-13 17:37:33.219822,2026-04-13 17:37:41.121015,0 days 00:00:07.901193,0.0016691636400654962,706,COMPLETE
670,0.7123711340206186,2026-04-13 17:37:41.145911,2026-04-13 17:37:49.241027,0 days 00:00:08.095116,0.0012275354963813489,688,COMPLETE
671,0.7298969072164948,2026-04-13 17:37:49.266335,2026-04-13 17:37:56.219379,0 days 00:00:06.953044,0.0008672077724765289,659,COMPLETE
672,0.7082474226804124,2026-04-13 17:37:56.258484,2026-04-13 17:38:04.485305,0 days 00:00:08.226821,0.0008034894723822856,659,COMPLETE
673,0.7164948453608248,2026-04-13 17:38:04.510280,2026-04-13 17:38:11.813838,0 days 00:00:07.303558,0.0009198495079934864,691,COMPLETE
674,0.7082474226804124,2026-04-13 17:38:11.844477,2026-04-13 17:38:19.764876,0 days 00:00:07.920399,0.000641922271877139,654,COMPLETE
675,0.7164948453608248,2026-04-13 17:38:19.790472,2026-04-13 17:38:27.935380,0 days 00:00:08.144908,0.0007228455750411984,633,COMPLETE
676,0.7195876288659794,2026-04-13 17:38:27.960728,2026-04-13 17:38:34.943609,0 days 00:00:06.982881,0.0009778166256291737,646,COMPLETE
677,0.7144329896907217,2026-04-13 17:38:34.966844,2026-04-13 17:38:43.088076,0 days 00:00:08.121232,0.0008138559001345385,669,COMPLETE
678,0.7237113402061855,2026-04-13 17:38:43.113185,2026-04-13 17:38:50.092512,0 days 00:00:06.979327,0.0011092484056960308,623,COMPLETE
679,0.7154639175257732,2026-04-13 17:38:50.119534,2026-04-13 17:38:58.240990,0 days 00:00:08.121456,0.0013701354800367855,664,COMPLETE
680,0.7247422680412371,2026-04-13 17:38:58.265030,2026-04-13 17:39:06.297219,0 days 00:00:08.032189,0.0009986620220810546,694,COMPLETE
681,0.7195876288659794,2026-04-13 17:39:06.334226,2026-04-13 17:39:13.454876,0 days 00:00:07.120650,0.000550285366563746,639,COMPLETE
682,0.7185567010309278,2026-04-13 17:39:13.480849,2026-04-13 17:39:21.929436,0 days 00:00:08.448587,0.0015452546674389032,648,COMPLETE
683,0.7216494845360825,2026-04-13 17:39:21.955869,2026-04-13 17:39:29.090415,0 days 00:00:07.134546,0.0008558518311805722,673,COMPLETE
684,0.7175257731958763,2026-04-13 17:39:29.115343,2026-04-13 17:39:37.204542,0 days 00:00:08.089199,0.0011413573034507374,632,COMPLETE
685,0.7185567010309278,2026-04-13 17:39:37.230862,2026-04-13 17:39:44.924344,0 days 00:00:07.693482,0.000699575547009946,667,COMPLETE
686,0.7041237113402062,2026-04-13 17:39:44.959449,2026-04-13 17:39:52.530015,0 days 00:00:07.570566,0.0012776209633901389,685,COMPLETE
687,0.711340206185567,2026-04-13 17:39:52.555175,2026-04-13 17:40:00.676401,0 days 00:00:08.121226,0.0015096175473052005,658,COMPLETE
688,0.711340206185567,2026-04-13 17:40:00.702719,2026-04-13 17:40:08.098883,0 days 00:00:07.396164,0.0010381233368488168,709,COMPLETE
689,0.7154639175257732,2026-04-13 17:40:08.123693,2026-04-13 17:40:16.314568,0 days 00:00:08.190875,0.0008774677121974835,696,COMPLETE
690,0.7206185567010309,2026-04-13 17:40:16.339799,2026-04-13 17:40:24.355761,0 days 00:00:08.015962,0.00173908311512649,660,COMPLETE
691,0.7164948453608248,2026-04-13 17:40:24.386365,2026-04-13 17:40:31.964288,0 days 00:00:07.577923,0.0012295776491008483,651,COMPLETE
692,0.7206185567010309,2026-04-13 17:40:31.989796,2026-04-13 17:40:40.353376,0 days 00:00:08.363580,0.000491186691410755,674,COMPLETE
693,0.7247422680412371,2026-04-13 17:40:40.376988,2026-04-13 17:40:47.476280,0 days 00:00:07.099292,0.0014641960947329368,693,COMPLETE
694,0.7154639175257732,2026-04-13 17:40:47.502398,2026-04-13 17:40:55.734691,0 days 00:00:08.232293,0.0010374731888833483,682,COMPLETE
695,0.7237113402061855,2026-04-13 17:40:55.762325,2026-04-13 17:41:03.605049,0 days 00:00:07.842724,0.0008373091298942423,612,COMPLETE
696,0.7134020618556701,2026-04-13 17:41:03.634651,2026-04-13 17:41:10.905388,0 days 00:00:07.270737,0.0006574021347976705,632,COMPLETE
697,0.7175257731958763,2026-04-13 17:41:10.930912,2026-04-13 17:41:18.548784,0 days 00:00:07.617872,0.0002092683359626184,314,COMPLETE
698,0.722680412371134,2026-04-13 17:41:18.574773,2026-04-13 17:41:25.125360,0 days 00:00:06.550587,0.001246943988810568,337,COMPLETE
699,0.7103092783505155,2026-04-13 17:41:25.148879,2026-04-13 17:41:33.328634,0 days 00:00:08.179755,0.0019323231386184924,722,COMPLETE
700,0.711340206185567,2026-04-13 17:41:33.353673,2026-04-13 17:41:40.457465,0 days 00:00:07.103792,0.0016669867825350982,691,COMPLETE
701,0.7206185567010309,2026-04-13 17:41:40.490419,2026-04-13 17:41:48.619786,0 days 00:00:08.129367,0.001025951927392322,664,COMPLETE
702,0.7134020618556701,2026-04-13 17:41:48.644738,2026-04-13 17:41:55.907489,0 days 00:00:07.262751,0.001378023969126351,299,COMPLETE
703,0.7195876288659794,2026-04-13 17:41:55.931986,2026-04-13 17:42:03.393010,0 days 00:00:07.461024,0.000776317958799556,703,COMPLETE
704,0.711340206185567,2026-04-13 17:42:03.418612,2026-04-13 17:42:11.068449,0 days 00:00:07.649837,0.0011493005170570662,361,COMPLETE
705,0.7175257731958763,2026-04-13 17:42:11.094595,2026-04-13 17:42:17.317300,0 days 00:00:06.222705,0.0015612171396514034,272,COMPLETE
706,0.7175257731958763,2026-04-13 17:42:17.342170,2026-04-13 17:42:24.461173,0 days 00:00:07.119003,0.0009220490174302416,102,COMPLETE
707,0.7175257731958763,2026-04-13 17:42:24.485898,2026-04-13 17:42:30.515266,0 days 00:00:06.029368,0.0005984006142777821,74,COMPLETE
708,0.7195876288659794,2026-04-13 17:42:30.542306,2026-04-13 17:42:38.846346,0 days 00:00:08.304040,0.001273820589274648,675,COMPLETE
709,0.7164948453608248,2026-04-13 17:42:38.872120,2026-04-13 17:42:46.000647,0 days 00:00:07.128527,0.0018055740860039248,653,COMPLETE
710,0.7247422680412371,2026-04-13 17:42:46.032258,2026-04-13 17:42:54.069456,0 days 00:00:08.037198,0.0010741340316597103,326,COMPLETE
711,0.7195876288659794,2026-04-13 17:42:54.093756,2026-04-13 17:43:01.531065,0 days 00:00:07.437309,0.0007709056506204008,344,COMPLETE
712,0.7185567010309278,2026-04-13 17:43:01.561681,2026-04-13 17:43:08.115357,0 days 00:00:06.553676,0.0014231891945458328,288,COMPLETE
713,0.709278350515464,2026-04-13 17:43:08.141693,2026-04-13 17:43:16.483814,0 days 00:00:08.342121,0.0019254011696592567,714,COMPLETE
714,0.7185567010309278,2026-04-13 17:43:16.512887,2026-04-13 17:43:22.577721,0 days 00:00:06.064834,0.0009694521246842246,125,COMPLETE
715,0.7154639175257732,2026-04-13 17:43:22.603299,2026-04-13 17:43:30.624120,0 days 00:00:08.020821,0.00045004945533438717,624,COMPLETE
716,0.7206185567010309,2026-04-13 17:43:30.648879,2026-04-13 17:43:37.804387,0 days 00:00:07.155508,0.0012055781523504327,669,COMPLETE
717,0.7175257731958763,2026-04-13 17:43:37.830757,2026-04-13 17:43:45.840259,0 days 00:00:08.009502,0.00011175211396602102,638,COMPLETE
718,0.7175257731958763,2026-04-13 17:43:45.865469,2026-04-13 17:43:52.699334,0 days 00:00:06.833865,0.001568241831088114,257,COMPLETE
719,0.7185567010309278,2026-04-13 17:43:52.729534,2026-04-13 17:43:59.730810,0 days 00:00:07.001276,0.000831261540645123,306,COMPLETE
720,0.7164948453608248,2026-04-13 17:43:59.757676,2026-04-13 17:44:06.788236,0 days 00:00:07.030560,0.0006404611279537864,85,COMPLETE
721,0.722680412371134,2026-04-13 17:44:06.822305,2026-04-13 17:44:14.118124,0 days 00:00:07.295819,0.0012854635269500781,681,COMPLETE
722,0.722680412371134,2026-04-13 17:44:14.143405,2026-04-13 17:44:21.709502,0 days 00:00:07.566097,0.0010558190318751609,273,COMPLETE
723,0.7164948453608248,2026-04-13 17:44:21.737551,2026-04-13 17:44:28.735028,0 days 00:00:06.997477,0.0016820532503819684,656,COMPLETE
724,0.7206185567010309,2026-04-13 17:44:28.760287,2026-04-13 17:44:36.379270,0 days 00:00:07.618983,0.0020293821469513553,359,COMPLETE
725,0.7195876288659794,2026-04-13 17:44:36.404230,2026-04-13 17:44:42.295309,0 days 00:00:05.891079,0.00145353841511967,56,COMPLETE
