number,value,datetime_start,datetime_complete,duration,params_learning_rate,params_units_l1,state
487,0.7164948453608248,2026-04-13 17:15:10.690689,2026-04-13 17:15:18.683078,0 days 00:00:07.992389,0.000692436532723294,292,COMPLETE
488,0.7185567010309278,2026-04-13 17:15:18.722015,2026-04-13 17:15:26.648037,0 days 00:00:07.926022,0.000879664676476902,538,COMPLETE
489,0.7185567010309278,2026-04-13 17:15:26.673293,2026-04-13 17:15:35.113013,0 days 00:00:08.439720,0.0020904678184921685,390,COMPLETE
490,0.7154639175257732,2026-04-13 17:15:35.139366,2026-04-13 17:15:43.415550,0 days 00:00:08.276184,0.003166973884000347,601,COMPLETE
491,0.7185567010309278,2026-04-13 17:15:43.442937,2026-04-13 17:15:52.339102,0 days 00:00:08.896165,0.002441681991380051,517,COMPLETE
492,0.7237113402061855,2026-04-13 17:15:52.365317,2026-04-13 17:16:01.480820,0 days 00:00:09.115503,0.0016037982604487683,574,COMPLETE
493,0.7185567010309278,2026-04-13 17:16:01.508008,2026-04-13 17:16:09.187465,0 days 00:00:07.679457,0.0013356377813285765,325,COMPLETE
494,0.7144329896907217,2026-04-13 17:16:09.237003,2026-04-13 17:16:16.843891,0 days 00:00:07.606888,0.0050579522055157365,93,COMPLETE
495,0.7185567010309278,2026-04-13 17:16:16.870459,2026-04-13 17:16:25.299469,0 days 00:00:08.429010,0.002884785351258665,446,COMPLETE
496,0.7175257731958763,2026-04-13 17:16:25.327454,2026-04-13 17:16:32.937892,0 days 00:00:07.610438,0.003811397921707984,501,COMPLETE
497,0.7164948453608248,2026-04-13 17:16:32.964850,2026-04-13 17:16:41.112594,0 days 00:00:08.147744,0.0011536373285443177,258,COMPLETE
498,0.711340206185567,2026-04-13 17:16:41.138793,2026-04-13 17:16:48.819921,0 days 00:00:07.681128,0.0018591548902505358,551,COMPLETE
499,0.7206185567010309,2026-04-13 17:16:48.854457,2026-04-13 17:16:56.916833,0 days 00:00:08.062376,0.00029290708033767723,524,COMPLETE
500,0.7185567010309278,2026-04-13 17:16:56.941783,2026-04-13 17:17:05.498855,0 days 00:00:08.557072,0.0008432965475291858,538,COMPLETE
501,0.7154639175257732,2026-04-13 17:17:05.525097,2026-04-13 17:17:12.476177,0 days 00:00:06.951080,0.006094975073377528,375,COMPLETE
502,0.7072164948453609,2026-04-13 17:17:12.500383,2026-04-13 17:17:20.983544,0 days 00:00:08.483161,0.00993378692468063,475,COMPLETE
503,0.7144329896907217,2026-04-13 17:17:21.011086,2026-04-13 17:17:28.487964,0 days 00:00:07.476878,0.0004224391565506652,407,COMPLETE
504,0.7144329896907217,2026-04-13 17:17:28.516880,2026-04-13 17:17:36.100934,0 days 00:00:07.584054,0.0005563699843404118,304,COMPLETE
505,0.7134020618556701,2026-04-13 17:17:36.127385,2026-04-13 17:17:44.921887,0 days 00:00:08.794502,0.0023019657270835483,563,COMPLETE
506,0.709278350515464,2026-04-13 17:17:44.947957,2026-04-13 17:17:51.791835,0 days 00:00:06.843878,0.007754122187387221,130,COMPLETE
507,0.7164948453608248,2026-04-13 17:17:51.818503,2026-04-13 17:18:00.237060,0 days 00:00:08.418557,0.004519736536498225,458,COMPLETE
508,0.722680412371134,2026-04-13 17:18:00.264090,2026-04-13 17:18:08.652514,0 days 00:00:08.388424,0.0027217130045158904,500,COMPLETE
509,0.7134020618556701,2026-04-13 17:18:08.688830,2026-04-13 17:18:15.963350,0 days 00:00:07.274520,0.003414920461414683,169,COMPLETE
510,0.7185567010309278,2026-04-13 17:18:15.989797,2026-04-13 17:18:23.764478,0 days 00:00:07.774681,0.0007078826049974017,67,COMPLETE
511,0.709278350515464,2026-04-13 17:18:23.789356,2026-04-13 17:18:31.910103,0 days 00:00:08.120747,0.0014786543690854766,644,COMPLETE
512,0.722680412371134,2026-04-13 17:18:31.938132,2026-04-13 17:18:40.846593,0 days 00:00:08.908461,0.0010738259302093803,553,COMPLETE
513,0.7195876288659794,2026-04-13 17:18:40.871804,2026-04-13 17:18:49.288629,0 days 00:00:08.416825,0.0017930447325660806,429,COMPLETE
514,0.711340206185567,2026-04-13 17:18:49.313644,2026-04-13 17:18:56.874856,0 days 00:00:07.561212,0.002175681499808011,583,COMPLETE
515,0.7257731958762886,2026-04-13 17:18:56.900775,2026-04-13 17:19:05.359215,0 days 00:00:08.458440,0.0012923441409975391,348,COMPLETE
516,0.7144329896907217,2026-04-13 17:19:05.385286,2026-04-13 17:19:13.261703,0 days 00:00:07.876417,0.0013466893537767105,371,COMPLETE
517,0.7154639175257732,2026-04-13 17:19:13.295885,2026-04-13 17:19:21.008642,0 days 00:00:07.712757,0.001222932813339594,349,COMPLETE
518,0.7195876288659794,2026-04-13 17:19:21.035504,2026-04-13 17:19:29.260490,0 days 00:00:08.224986,0.0016011804977215487,331,COMPLETE
519,0.7164948453608248,2026-04-13 17:19:29.286823,2026-04-13 17:19:36.302877,0 days 00:00:07.016054,0.0019235559893523285,348,COMPLETE
520,0.7123711340206186,2026-04-13 17:19:36.328540,2026-04-13 17:19:44.686275,0 days 00:00:08.357735,0.0012991133991579796,362,COMPLETE
521,0.7164948453608248,2026-04-13 17:19:44.711253,2026-04-13 17:19:51.969115,0 days 00:00:07.257862,0.0027949551938575806,329,COMPLETE
522,0.7175257731958763,2026-04-13 17:19:52.011929,2026-04-13 17:19:59.585856,0 days 00:00:07.573927,0.0010515356021737288,318,COMPLETE
523,0.7164948453608248,2026-04-13 17:19:59.609888,2026-04-13 17:20:07.919488,0 days 00:00:08.309600,0.0043376221645780606,345,COMPLETE
524,0.7185567010309278,2026-04-13 17:20:07.945271,2026-04-13 17:20:14.931515,0 days 00:00:06.986244,0.0016066173282667854,355,COMPLETE
525,0.7164948453608248,2026-04-13 17:20:14.957651,2026-04-13 17:20:23.314339,0 days 00:00:08.356688,0.003333653337345523,512,COMPLETE
526,0.7185567010309278,2026-04-13 17:20:23.340878,2026-04-13 17:20:31.026791,0 days 00:00:07.685913,0.0024426204525482467,672,COMPLETE
527,0.722680412371134,2026-04-13 17:20:31.051618,2026-04-13 17:20:39.254908,0 days 00:00:08.203290,0.002032404487748795,534,COMPLETE
528,0.7216494845360825,2026-04-13 17:20:39.279715,2026-04-13 17:20:47.088644,0 days 00:00:07.808929,0.0009687984449084628,315,COMPLETE
529,0.7144329896907217,2026-04-13 17:20:47.117394,2026-04-13 17:20:54.107693,0 days 00:00:06.990299,0.0055399348623728336,487,COMPLETE
530,0.7134020618556701,2026-04-13 17:20:54.132316,2026-04-13 17:21:02.079505,0 days 00:00:07.947189,0.0015066642523080367,335,COMPLETE
531,0.7206185567010309,2026-04-13 17:21:02.104263,2026-04-13 17:21:09.344800,0 days 00:00:07.240537,0.0038995288074913466,568,COMPLETE
532,0.7257731958762886,2026-04-13 17:21:09.368450,2026-04-13 17:21:17.121285,0 days 00:00:07.752835,0.0012727753160767022,218,COMPLETE
533,0.7175257731958763,2026-04-13 17:21:17.146439,2026-04-13 17:21:24.256578,0 days 00:00:07.110139,0.0012487062204620176,243,COMPLETE
534,0.722680412371134,2026-04-13 17:21:24.283988,2026-04-13 17:21:31.771300,0 days 00:00:07.487312,0.0010650042235672574,374,COMPLETE
535,0.7175257731958763,2026-04-13 17:21:31.796208,2026-04-13 17:21:39.539269,0 days 00:00:07.743061,0.001327153453547869,214,COMPLETE
536,0.7164948453608248,2026-04-13 17:21:39.564891,2026-04-13 17:21:45.914315,0 days 00:00:06.349424,0.0016873209023654414,232,COMPLETE
537,0.7154639175257732,2026-04-13 17:21:45.939544,2026-04-13 17:21:53.535227,0 days 00:00:07.595683,0.0012401838497777342,193,COMPLETE
538,0.7216494845360825,2026-04-13 17:21:53.560590,2026-04-13 17:21:59.937703,0 days 00:00:06.377113,0.0009106128463649088,233,COMPLETE
539,0.7206185567010309,2026-04-13 17:21:59.962944,2026-04-13 17:22:07.647587,0 days 00:00:07.684643,0.0016215633205416684,212,COMPLETE
540,0.7123711340206186,2026-04-13 17:22:07.671424,2026-04-13 17:22:14.158120,0 days 00:00:06.486696,0.008045475484994952,207,COMPLETE
541,0.7144329896907217,2026-04-13 17:22:14.184404,2026-04-13 17:22:21.881136,0 days 00:00:07.696732,0.0014304862086983942,184,COMPLETE
542,0.7216494845360825,2026-04-13 17:22:21.907567,2026-04-13 17:22:28.619226,0 days 00:00:06.711659,0.0008603950837514837,288,COMPLETE
543,0.7154639175257732,2026-04-13 17:22:28.646947,2026-04-13 17:22:36.249687,0 days 00:00:07.602740,0.0010243048527340344,271,COMPLETE
544,0.7206185567010309,2026-04-13 17:22:36.277030,2026-04-13 17:22:43.784286,0 days 00:00:07.507256,3.714548413867596e-05,229,COMPLETE
545,0.711340206185567,2026-04-13 17:22:43.818972,2026-04-13 17:22:51.327259,0 days 00:00:07.508287,0.002073564985972154,615,COMPLETE
546,0.711340206185567,2026-04-13 17:22:51.353515,2026-04-13 17:23:00.054257,0 days 00:00:08.700742,0.006659033853248668,701,COMPLETE
547,0.7144329896907217,2026-04-13 17:23:00.081561,2026-04-13 17:23:06.421674,0 days 00:00:06.340113,0.0012193687486914133,109,COMPLETE
548,0.7185567010309278,2026-04-13 17:23:06.447358,2026-04-13 17:23:14.541918,0 days 00:00:08.094560,0.0016085094497014143,357,COMPLETE
549,0.711340206185567,2026-04-13 17:23:14.567706,2026-04-13 17:23:23.265661,0 days 00:00:08.697955,0.0018613750443446106,581,COMPLETE
550,0.7195876288659794,2026-04-13 17:23:23.299868,2026-04-13 17:23:30.170570,0 days 00:00:06.870702,0.0023266992918013828,255,COMPLETE
551,0.722680412371134,2026-04-13 17:23:30.197336,2026-04-13 17:23:38.936890,0 days 00:00:08.739554,0.0011407626315360082,549,COMPLETE
552,0.7175257731958763,2026-04-13 17:23:38.963644,2026-04-13 17:23:45.523226,0 days 00:00:06.559582,0.0008299472843146631,215,COMPLETE
553,0.7123711340206186,2026-04-13 17:23:45.554603,2026-04-13 17:23:53.728132,0 days 00:00:08.173529,0.0014228542202967443,387,COMPLETE
554,0.7185567010309278,2026-04-13 17:23:53.755593,2026-04-13 17:24:01.255906,0 days 00:00:07.500313,0.008185018446974335,341,COMPLETE
555,0.7175257731958763,2026-04-13 17:24:01.293286,2026-04-13 17:24:09.569624,0 days 00:00:08.276338,0.0018545681993520624,685,COMPLETE
556,0.7195876288659794,2026-04-13 17:24:09.604603,2026-04-13 17:24:17.288756,0 days 00:00:07.684153,0.005867806300572241,301,COMPLETE
557,0.7175257731958763,2026-04-13 17:24:17.311938,2026-04-13 17:24:24.284870,0 days 00:00:06.972932,0.002604471684126629,566,COMPLETE
558,0.7144329896907217,2026-04-13 17:24:24.309672,2026-04-13 17:24:32.382418,0 days 00:00:08.072746,0.001346395718429932,595,COMPLETE
559,0.711340206185567,2026-04-13 17:24:32.406849,2026-04-13 17:24:38.568631,0 days 00:00:06.161782,0.0010370754819291708,201,COMPLETE
560,0.7206185567010309,2026-04-13 17:24:38.593173,2026-04-13 17:24:46.376328,0 days 00:00:07.783155,0.004896975400692758,481,COMPLETE
561,0.711340206185567,2026-04-13 17:24:46.400168,2026-04-13 17:24:54.175062,0 days 00:00:07.774894,0.0022260575601234125,713,COMPLETE
562,0.7206185567010309,2026-04-13 17:24:54.207994,2026-04-13 17:25:00.308200,0 days 00:00:06.100206,0.0029308183050383843,42,COMPLETE
563,0.7154639175257732,2026-04-13 17:25:00.333178,2026-04-13 17:25:08.047836,0 days 00:00:07.714658,0.0017810461772462787,498,COMPLETE
564,0.7206185567010309,2026-04-13 17:25:08.081296,2026-04-13 17:25:13.785968,0 days 00:00:05.704672,0.007055969760701805,6,COMPLETE
565,0.7195876288659794,2026-04-13 17:25:13.813785,2026-04-13 17:25:20.537512,0 days 00:00:06.723727,0.0009228716725368312,79,COMPLETE
566,0.7134020618556701,2026-04-13 17:25:20.572569,2026-04-13 17:25:27.587005,0 days 00:00:07.014436,0.0011512468113730721,546,COMPLETE
567,0.7216494845360825,2026-04-13 17:25:27.611485,2026-04-13 17:25:34.809366,0 days 00:00:07.197881,0.009898358036780141,224,COMPLETE
568,0.7195876288659794,2026-04-13 17:25:34.837771,2026-04-13 17:25:41.400934,0 days 00:00:06.563163,0.003947386080373612,465,COMPLETE
569,0.7154639175257732,2026-04-13 17:25:41.424350,2026-04-13 17:25:49.202076,0 days 00:00:07.777726,0.0014955052023140722,531,COMPLETE
570,0.7195876288659794,2026-04-13 17:25:49.224747,2026-04-13 17:25:55.507418,0 days 00:00:06.282671,0.000802361241380304,310,COMPLETE
571,0.7175257731958763,2026-04-13 17:25:55.531987,2026-04-13 17:26:03.004517,0 days 00:00:07.472530,0.0025512670522786305,365,COMPLETE
572,0.7216494845360825,2026-04-13 17:26:03.028194,2026-04-13 17:26:09.667019,0 days 00:00:06.638825,0.002054615820021868,509,COMPLETE
573,0.7185567010309278,2026-04-13 17:26:09.691247,2026-04-13 17:26:17.779690,0 days 00:00:08.088443,6.2216588300468875e-06,726,COMPLETE
574,0.7175257731958763,2026-04-13 17:26:17.805038,2026-04-13 17:26:25.014943,0 days 00:00:07.209905,0.0016260654354664705,556,COMPLETE
575,0.7154639175257732,2026-04-13 17:26:25.039723,2026-04-13 17:26:32.457809,0 days 00:00:07.418086,0.0006540793470157689,578,COMPLETE
576,0.7195876288659794,2026-04-13 17:26:32.482919,2026-04-13 17:26:39.915358,0 days 00:00:07.432439,0.0033713134472697693,333,COMPLETE
577,0.7257731958762886,2026-04-13 17:26:39.948460,2026-04-13 17:26:46.152713,0 days 00:00:06.204253,0.0011996447331029984,263,COMPLETE
578,0.7154639175257732,2026-04-13 17:26:46.181691,2026-04-13 17:26:53.554448,0 days 00:00:07.372757,0.0011697134835809981,264,COMPLETE
579,0.7144329896907217,2026-04-13 17:26:53.580456,2026-04-13 17:26:59.744465,0 days 00:00:06.164009,0.0009945506153616905,243,COMPLETE
580,0.7298969072164948,2026-04-13 17:26:59.768057,2026-04-13 17:27:07.071413,0 days 00:00:07.303356,0.0013926516792410087,253,COMPLETE
581,0.7206185567010309,2026-04-13 17:27:07.102739,2026-04-13 17:27:13.278788,0 days 00:00:06.176049,0.001311949092245235,264,COMPLETE
582,0.7134020618556701,2026-04-13 17:27:13.303420,2026-04-13 17:27:20.694215,0 days 00:00:07.390795,0.0010671394347221386,268,COMPLETE
583,0.711340206185567,2026-04-13 17:27:20.717866,2026-04-13 17:27:26.855586,0 days 00:00:06.137720,0.001274410490977047,256,COMPLETE
584,0.7185567010309278,2026-04-13 17:27:26.881808,2026-04-13 17:27:34.222613,0 days 00:00:07.340805,0.00139780211668046,264,COMPLETE
585,0.7185567010309278,2026-04-13 17:27:34.246914,2026-04-13 17:27:40.438028,0 days 00:00:06.191114,0.0009051898421995813,283,COMPLETE
586,0.7195876288659794,2026-04-13 17:27:40.463108,2026-04-13 17:27:47.753495,0 days 00:00:07.290387,0.0011071675242368213,226,COMPLETE
587,0.722680412371134,2026-04-13 17:27:47.777933,2026-04-13 17:27:53.988561,0 days 00:00:06.210628,0.0015574236854795733,245,COMPLETE
588,0.7195876288659794,2026-04-13 17:27:54.012616,2026-04-13 17:28:01.339007,0 days 00:00:07.326391,0.0007746129238696415,275,COMPLETE
589,0.7195876288659794,2026-04-13 17:28:01.364314,2026-04-13 17:28:07.547855,0 days 00:00:06.183541,0.0012552855435516122,251,COMPLETE
590,0.7175257731958763,2026-04-13 17:28:07.574139,2026-04-13 17:28:14.879918,0 days 00:00:07.305779,0.0009787838304761165,233,COMPLETE
591,0.7216494845360825,2026-04-13 17:28:14.905342,2026-04-13 17:28:21.213364,0 days 00:00:06.308022,0.0014621324362510389,267,COMPLETE
592,0.7237113402061855,2026-04-13 17:28:21.237998,2026-04-13 17:28:28.549958,0 days 00:00:07.311960,0.0016769349603008436,221,COMPLETE
593,0.7175257731958763,2026-04-13 17:28:28.575773,2026-04-13 17:28:34.817671,0 days 00:00:06.241898,0.001177696327718012,245,COMPLETE
594,0.7185567010309278,2026-04-13 17:28:34.849902,2026-04-13 17:28:42.092282,0 days 00:00:07.242380,0.0004938607013432622,248,COMPLETE
595,0.7175257731958763,2026-04-13 17:28:42.116838,2026-04-13 17:28:48.490118,0 days 00:00:06.373280,0.0008223651059333961,233,COMPLETE
596,0.7144329896907217,2026-04-13 17:28:48.515078,2026-04-13 17:28:55.653926,0 days 00:00:07.138848,0.0018186806469691677,302,COMPLETE
597,0.7123711340206186,2026-04-13 17:28:55.676996,2026-04-13 17:29:02.398457,0 days 00:00:06.721461,3.134040176536278e-06,282,COMPLETE
598,0.7185567010309278,2026-04-13 17:29:02.422085,2026-04-13 17:29:09.180426,0 days 00:00:06.758341,0.0010064110955297645,284,COMPLETE
599,0.7164948453608248,2026-04-13 17:29:09.204599,2026-04-13 17:29:16.202557,0 days 00:00:06.997958,0.0006335676654297193,276,COMPLETE
600,0.7185567010309278,2026-04-13 17:29:16.233928,2026-04-13 17:29:22.761286,0 days 00:00:06.527358,0.0014150709523849702,243,COMPLETE
601,0.7237113402061855,2026-04-13 17:29:22.784246,2026-04-13 17:29:29.863579,0 days 00:00:07.079333,0.001944656357052,212,COMPLETE
602,0.7278350515463917,2026-04-13 17:29:29.890426,2026-04-13 17:29:36.207927,0 days 00:00:06.317501,0.0011885312300141018,255,COMPLETE
603,0.7144329896907217,2026-04-13 17:29:36.232128,2026-04-13 17:29:43.570200,0 days 00:00:07.338072,0.0011052101550764232,259,COMPLETE
604,0.7175257731958763,2026-04-13 17:29:43.593396,2026-04-13 17:29:49.707221,0 days 00:00:06.113825,0.0007744966652685254,252,COMPLETE
605,0.7237113402061855,2026-04-13 17:29:49.732073,2026-04-13 17:29:57.078264,0 days 00:00:07.346191,0.0012349074299922858,290,COMPLETE
606,0.7195876288659794,2026-04-13 17:29:57.101826,2026-04-13 17:30:03.236775,0 days 00:00:06.134949,0.0010389087244883344,241,COMPLETE
607,0.7175257731958763,2026-04-13 17:30:03.263608,2026-04-13 17:30:10.641655,0 days 00:00:07.378047,0.0008670679584351389,251,COMPLETE
608,0.7134020618556701,2026-04-13 17:30:10.664838,2026-04-13 17:30:16.902817,0 days 00:00:06.237979,0.0014034246228619774,266,COMPLETE
609,0.7195876288659794,2026-04-13 17:30:16.927282,2026-04-13 17:30:24.174854,0 days 00:00:07.247572,0.0009562334127838048,232,COMPLETE
610,0.7123711340206186,2026-04-13 17:30:24.201123,2026-04-13 17:30:31.073242,0 days 00:00:06.872119,0.0014296586141699635,666,COMPLETE
611,0.7175257731958763,2026-04-13 17:30:31.098405,2026-04-13 17:30:38.502271,0 days 00:00:07.403866,0.00118859148254613,275,COMPLETE
612,0.7216494845360825,2026-04-13 17:30:38.527676,2026-04-13 17:30:45.287326,0 days 00:00:06.759650,0.0007495371366901712,602,COMPLETE
613,0.7164948453608248,2026-04-13 17:30:45.310819,2026-04-13 17:30:52.400667,0 days 00:00:07.089848,0.001575608776187898,93,COMPLETE
614,0.7164948453608248,2026-04-13 17:30:52.427372,2026-04-13 17:30:58.714402,0 days 00:00:06.287030,0.0005987450541341788,320,COMPLETE
615,0.7247422680412371,2026-04-13 17:30:58.738141,2026-04-13 17:31:06.042425,0 days 00:00:07.304284,0.0009492502419385338,223,COMPLETE
616,0.7164948453608248,2026-04-13 17:31:06.065744,2026-04-13 17:31:11.855335,0 days 00:00:05.789591,0.0011662729732330771,64,COMPLETE
617,0.7164948453608248,2026-04-13 17:31:11.881406,2026-04-13 17:31:19.202695,0 days 00:00:07.321289,9.308976834495416e-05,256,COMPLETE
618,0.7206185567010309,2026-04-13 17:31:19.226367,2026-04-13 17:31:25.562403,0 days 00:00:06.336036,0.0013472213502498526,243,COMPLETE
619,0.709278350515464,2026-04-13 17:31:25.598113,2026-04-13 17:31:32.831999,0 days 00:00:07.233886,0.0017354624652344943,301,COMPLETE
620,0.7175257731958763,2026-04-13 17:31:32.858594,2026-04-13 17:31:39.318560,0 days 00:00:06.459966,0.0009278186657485528,195,COMPLETE
621,0.7185567010309278,2026-04-13 17:31:39.353240,2026-04-13 17:31:46.910610,0 days 00:00:07.557370,0.00034348940254276707,643,COMPLETE
622,0.7175257731958763,2026-04-13 17:31:46.935861,2026-04-13 17:31:54.049324,0 days 00:00:07.113463,0.004804772669214187,256,COMPLETE
623,0.7144329896907217,2026-04-13 17:31:54.087667,2026-04-13 17:32:00.476362,0 days 00:00:06.388695,0.0006817676788208217,292,COMPLETE
624,0.7185567010309278,2026-04-13 17:32:00.500482,2026-04-13 17:32:08.490317,0 days 00:00:07.989835,0.0012684875251905594,627,COMPLETE
625,0.7237113402061855,2026-04-13 17:32:08.515381,2026-04-13 17:32:14.653444,0 days 00:00:06.138063,0.0016507997364082867,217,COMPLETE
626,0.7082474226804124,2026-04-13 17:32:14.679071,2026-04-13 17:32:22.805412,0 days 00:00:08.126341,0.001113477677875989,698,COMPLETE
627,0.7123711340206186,2026-04-13 17:32:22.828756,2026-04-13 17:32:28.962679,0 days 00:00:06.133923,0.004348082512509971,234,COMPLETE
628,0.7154639175257732,2026-04-13 17:32:28.985753,2026-04-13 17:32:36.422400,0 days 00:00:07.436647,0.0005164757653772097,311,COMPLETE
629,0.7185567010309278,2026-04-13 17:32:36.446427,2026-04-13 17:32:42.229618,0 days 00:00:05.783191,0.0014757435734943714,25,COMPLETE
630,0.7123711340206186,2026-04-13 17:32:42.258146,2026-04-13 17:32:50.122757,0 days 00:00:07.864611,0.0008161784891513758,566,COMPLETE
631,0.711340206185567,2026-04-13 17:32:50.147192,2026-04-13 17:32:56.502814,0 days 00:00:06.355622,0.0011071170984936715,346,COMPLETE
632,0.7247422680412371,2026-04-13 17:32:56.526963,2026-04-13 17:33:03.844012,0 days 00:00:07.317049,0.0019762630116355703,264,COMPLETE
633,0.7195876288659794,2026-04-13 17:33:03.869544,2026-04-13 17:33:10.193286,0 days 00:00:06.323742,0.0017879111836617266,294,COMPLETE
634,0.7164948453608248,2026-04-13 17:33:10.221318,2026-04-13 17:33:17.677783,0 days 00:00:07.456465,0.0014257079579943887,279,COMPLETE
635,0.7082474226804124,2026-04-13 17:33:17.704322,2026-04-13 17:33:25.434902,0 days 00:00:07.730580,0.0009610475336979613,594,COMPLETE
636,0.711340206185567,2026-04-13 17:33:25.463005,2026-04-13 17:33:32.568214,0 days 00:00:07.105209,0.003437393517730225,580,COMPLETE
637,0.7195876288659794,2026-04-13 17:33:32.592332,2026-04-13 17:33:39.919644,0 days 00:00:07.327312,0.001276585534712073,206,COMPLETE
638,0.7237113402061855,2026-04-13 17:33:39.944014,2026-04-13 17:33:47.007931,0 days 00:00:07.063917,0.000413104455030988,681,COMPLETE
639,0.7164948453608248,2026-04-13 17:33:47.033194,2026-04-13 17:33:54.270472,0 days 00:00:07.237278,0.0007543066127083059,145,COMPLETE
640,0.7154639175257732,2026-04-13 17:33:54.296541,2026-04-13 17:34:00.677882,0 days 00:00:06.381341,0.0054460180044816064,328,COMPLETE
641,0.7195876288659794,2026-04-13 17:34:00.703522,2026-04-13 17:34:07.846110,0 days 00:00:07.142588,0.004294773935597817,59,COMPLETE
642,0.7154639175257732,2026-04-13 17:34:07.876291,2026-04-13 17:34:14.763877,0 days 00:00:06.887586,7.02687845726872e-05,546,COMPLETE
643,0.7154639175257732,2026-04-13 17:34:14.789118,2026-04-13 17:34:22.261714,0 days 00:00:07.472596,1.0392295249168059e-05,234,COMPLETE
644,0.7185567010309278,2026-04-13 17:34:22.288628,2026-04-13 17:34:29.077586,0 days 00:00:06.788958,0.0021544656055389874,491,COMPLETE
645,0.7216494845360825,2026-04-13 17:34:29.111566,2026-04-13 17:34:36.851046,0 days 00:00:07.739480,0.0016929086059524257,563,COMPLETE
646,0.7134020618556701,2026-04-13 17:34:36.877128,2026-04-13 17:34:43.859527,0 days 00:00:06.982399,0.00296521435486514,279,COMPLETE
647,0.7185567010309278,2026-04-13 17:34:43.889177,2026-04-13 17:34:50.552345,0 days 00:00:06.663168,0.0011341844992500945,245,COMPLETE
648,0.7175257731958763,2026-04-13 17:34:50.578282,2026-04-13 17:34:58.514380,0 days 00:00:07.936098,0.0009045484203161798,518,COMPLETE
